  3.c
D:\c\c1\c1\3.c(6,2): warning C4013: “scanf”未定义；假设外部返回 int
D:\c\c1\c1\3.c(8,2): warning C4013: “printf”未定义；假设外部返回 int
n1.obj : error LNK2005: main 已经在 3.obj 中定义
3.obj : error LNK2019: 无法解析的外部符号 scanf，函数 main 中引用了该符号
D:\c\c1\x64\Debug\c1.exe : fatal error LNK1120: 1 个无法解析的外部命令
